<?xml version="1.0" encoding="UTF-8"?>
<testng-results skipped="0" failed="0" total="1" passed="1">
  <reporter-output>
  </reporter-output>
  <suite name="Default suite" duration-ms="623" started-at="2018-04-03T06:27:34Z" finished-at="2018-04-03T06:27:34Z">
    <groups>
    </groups>
    <test name="Default test" duration-ms="623" started-at="2018-04-03T06:27:34Z" finished-at="2018-04-03T06:27:34Z">
      <class name="com.book.online.order.mapper.OrderMapperTest">
        <test-method status="PASS" signature="init()[pri:0, instance:com.book.online.order.mapper.OrderMapperTest@62ee68d8]" name="init" is-config="true" duration-ms="379" started-at="2018-04-03T14:27:34Z" finished-at="2018-04-03T14:27:34Z">
          <reporter-output>
          </reporter-output>
        </test-method> <!-- init -->
        <test-method status="PASS" signature="getAllOrders()[pri:0, instance:com.book.online.order.mapper.OrderMapperTest@62ee68d8]" name="getAllOrders" duration-ms="230" started-at="2018-04-03T14:27:34Z" finished-at="2018-04-03T14:27:34Z">
          <reporter-output>
          </reporter-output>
        </test-method> <!-- getAllOrders -->
        <test-method status="PASS" signature="release()[pri:0, instance:com.book.online.order.mapper.OrderMapperTest@62ee68d8]" name="release" is-config="true" duration-ms="1" started-at="2018-04-03T14:27:34Z" finished-at="2018-04-03T14:27:34Z">
          <reporter-output>
          </reporter-output>
        </test-method> <!-- release -->
      </class> <!-- com.book.online.order.mapper.OrderMapperTest -->
    </test> <!-- Default test -->
  </suite> <!-- Default suite -->
</testng-results>
